<?xml version="1.0" encoding="UTF-8"?>
<!-- Generated by org.testng.reporters.JUnitXMLReporter -->
<testsuite ignored="0" hostname="User" failures="1" tests="23" name="MajorRegressionTest" time="229.802" errors="0" timestamp="2021-04-24T10:51:01 EDT">
  <testcase classname="testNG.AnnotationsSequenceOfExecution" name="test1" time="0.01"/>
  <testcase classname="testNG.AnnotationsSequenceOfExecution" name="test2" time="0.002"/>
  <testcase classname="testNG.AnnotationsSequenceOfExecution" name="test3" time="0.002"/>
  <testcase classname="testNG.DifferentKeywordsInTestNG" name="signOnPageTitleVerification" time="3.691"/>
  <testcase classname="testNG.TestNGFirstScript" name="negativeLoginTest" time="10.305"/>
  <testcase classname="testNG.AssertionConcept" name="negativeLoginTest" time="11.016"/>
  <testcase classname="testNG.DataDrivenWithTestNG" name="negativeLoginTest" time="7.868"/>
  <testcase classname="testNG.TestNGFirstScript" name="positiveLoginTest" time="6.718"/>
  <testcase classname="testNG.DataDrivenWithTestNG" name="negativeLoginTest" time="15.258"/>
  <testcase classname="testNG.AssertionConcept" name="positiveLoginTest" time="15.786"/>
  <testcase classname="testNG.DifferentKeywordsInTestNG" name="signOnPageUrlVerification" time="0.939"/>
  <testcase classname="testNG.DifferentKeywordsInTestNG" name="registerPageTitleVerification" time="2.889"/>
  <testcase classname="testNG.DataDrivenWithTestNG" name="negativeLoginTest" time="2.042"/>
  <testcase classname="testNG.DifferentKeywordsInTestNG" name="registerPageUrlVerification" time="4.064"/>
  <testcase classname="testNG.DataDrivenWithTestNG" name="negativeLoginTest" time="5.591"/>
  <testcase classname="testNG.DifferentKeywordsInTestNG" name="homePageTitleVerification" time="0.035"/>
  <testcase classname="testNG.DataDrivenWithTestNG" name="positiveLoginTest" time="5.677"/>
  <testcase classname="testNG.DifferentKeywordsInTestNG" name="homePageUrlVerification" time="0.322"/>
  <testcase classname="testNG.DataDrivenWithTestNG" name="positiveLoginTest" time="4.62"/>
  <testcase classname="testNG.DataDrivenWithTestNG" name="positiveLoginTest" time="5.177"/>
  <testcase classname="testNG.DifferentKeywordsInTestNG" name="signOnFromHomePage" time="10.455">
    <failure type="java.lang.InterruptedException" message="sleep interrupted">
      <![CDATA[java.lang.InterruptedException: sleep interrupted
at java.base/java.lang.Thread.sleep(Native Method)
at testNG.DifferentKeywordsInTestNG.signOnFromHomePage(DifferentKeywordsInTestNG.java:53)
at java.base/java.util.concurrent.ThreadPoolExecutor.runWorker(ThreadPoolExecutor.java:1130)
at java.base/java.util.concurrent.ThreadPoolExecutor$Worker.run(ThreadPoolExecutor.java:630)
at java.base/java.lang.Thread.run(Thread.java:832)
... Removed 17 stack frames]]>
    </failure>
  </testcase> <!-- signOnFromHomePage -->
  <testcase classname="testNG.DataDrivenWithTestNG" name="positiveLoginTest" time="3.495"/>
  <testcase classname="testNG.DifferentKeywordsInTestNG" name="signOnFromSignOnPage" time="0.0">
    <skipped/>
  </testcase> <!-- signOnFromSignOnPage -->
</testsuite> <!-- MajorRegressionTest -->
