<?xml version="1.0" encoding="UTF-8"?>
<!-- Generated by org.testng.reporters.JUnitXMLReporter -->
<testsuite ignored="0" hostname="User" failures="0" tests="10" name="MinorRegressionTest" time="125.286" errors="0" timestamp="2021-04-24T10:38:01 EDT">
  <testcase classname="testNG.AssertionConcept" name="negativeLoginTest" time="6.383"/>
  <testcase classname="testNG.DataDrivenWithTestNG" name="negativeLoginTest" time="6.782"/>
  <testcase classname="testNG.DataDrivenWithTestNG" name="negativeLoginTest" time="3.535"/>
  <testcase classname="testNG.AssertionConcept" name="positiveLoginTest" time="5.026"/>
  <testcase classname="testNG.DataDrivenWithTestNG" name="negativeLoginTest" time="2.311"/>
  <testcase classname="testNG.DataDrivenWithTestNG" name="negativeLoginTest" time="3.059"/>
  <testcase classname="testNG.DataDrivenWithTestNG" name="positiveLoginTest" time="1.995"/>
  <testcase classname="testNG.DataDrivenWithTestNG" name="positiveLoginTest" time="2.123"/>
  <testcase classname="testNG.DataDrivenWithTestNG" name="positiveLoginTest" time="1.679"/>
  <testcase classname="testNG.DataDrivenWithTestNG" name="positiveLoginTest" time="1.874"/>
</testsuite> <!-- MinorRegressionTest -->
