<?xml version="1.0" encoding="UTF-8"?>
<testng-results ignored="0" total="2" passed="2" failed="0" skipped="0">
  <reporter-output>
  </reporter-output>
  <suite started-at="2021-04-25T10:36:49 EDT" name="HandlingDataFromXML" finished-at="2021-04-25T10:37:09 EDT" duration-ms="19267">
    <groups>
    </groups>
    <test started-at="2021-04-25T10:36:49 EDT" name="MiniDataDrivenTest" finished-at="2021-04-25T10:37:09 EDT" duration-ms="19267">
      <class name="testNG.PassingParameterFromXML">
        <test-method is-config="true" signature="loadBrowser(java.lang.String, java.lang.String, java.lang.String)[pri:0, instance:testNG.PassingParameterFromXML@2ddc8ecb]" started-at="2021-04-25T10:36:49 EDT" name="loadBrowser" finished-at="2021-04-25T10:36:59 EDT" duration-ms="9377" status="PASS">
          <params>
            <param index="0">
              <value>
                <![CDATA[webdriver.chrome.driver]]>
              </value>
            </param>
            <param index="1">
              <value>
                <![CDATA[E:\\Drivers\\chromedriver.exe]]>
              </value>
            </param>
            <param index="2">
              <value>
                <![CDATA[http://demo.guru99.com/test/newtours/index.php]]>
              </value>
            </param>
          </params>
          <reporter-output>
          </reporter-output>
        </test-method> <!-- loadBrowser -->
        <test-method signature="positiveLoginTest(java.lang.String, java.lang.String)[pri:0, instance:testNG.PassingParameterFromXML@2ddc8ecb]" started-at="2021-04-25T10:36:59 EDT" name="positiveLoginTest" data-provider="positive login data" finished-at="2021-04-25T10:37:01 EDT" duration-ms="2264" status="PASS">
          <params>
            <param index="0">
              <value>
                <![CDATA[test123]]>
              </value>
            </param>
            <param index="1">
              <value>
                <![CDATA[123]]>
              </value>
            </param>
          </params>
          <reporter-output>
          </reporter-output>
        </test-method> <!-- positiveLoginTest -->
        <test-method is-config="true" signature="closeBroser()[pri:0, instance:testNG.PassingParameterFromXML@2ddc8ecb]" started-at="2021-04-25T10:37:01 EDT" name="closeBroser" finished-at="2021-04-25T10:37:02 EDT" duration-ms="691" status="PASS">
          <reporter-output>
          </reporter-output>
        </test-method> <!-- closeBroser -->
        <test-method is-config="true" signature="loadBrowser(java.lang.String, java.lang.String, java.lang.String)[pri:0, instance:testNG.PassingParameterFromXML@2ddc8ecb]" started-at="2021-04-25T10:37:02 EDT" name="loadBrowser" finished-at="2021-04-25T10:37:06 EDT" duration-ms="4675" status="PASS">
          <params>
            <param index="0">
              <value>
                <![CDATA[webdriver.chrome.driver]]>
              </value>
            </param>
            <param index="1">
              <value>
                <![CDATA[E:\\Drivers\\chromedriver.exe]]>
              </value>
            </param>
            <param index="2">
              <value>
                <![CDATA[http://demo.guru99.com/test/newtours/index.php]]>
              </value>
            </param>
          </params>
          <reporter-output>
          </reporter-output>
        </test-method> <!-- loadBrowser -->
        <test-method signature="positiveLoginTest(java.lang.String, java.lang.String)[pri:0, instance:testNG.PassingParameterFromXML@2ddc8ecb]" started-at="2021-04-25T10:37:06 EDT" name="positiveLoginTest" data-provider="positive login data" finished-at="2021-04-25T10:37:08 EDT" duration-ms="1653" status="PASS">
          <params>
            <param index="0">
              <value>
                <![CDATA[test]]>
              </value>
            </param>
            <param index="1">
              <value>
                <![CDATA[123]]>
              </value>
            </param>
          </params>
          <reporter-output>
          </reporter-output>
        </test-method> <!-- positiveLoginTest -->
        <test-method is-config="true" signature="closeBroser()[pri:0, instance:testNG.PassingParameterFromXML@2ddc8ecb]" started-at="2021-04-25T10:37:08 EDT" name="closeBroser" finished-at="2021-04-25T10:37:09 EDT" duration-ms="517" status="PASS">
          <reporter-output>
          </reporter-output>
        </test-method> <!-- closeBroser -->
      </class> <!-- testNG.PassingParameterFromXML -->
    </test> <!-- MiniDataDrivenTest -->
  </suite> <!-- HandlingDataFromXML -->
</testng-results>
